sort: Board, n: 3
sort: Row, n: 3
sort: Board, n: 3
sort: Row, n: 3
sort: Board, n: 3
sort: Row, n: 3
Trying
number of states = 5479 (time = 12.25s)

Trying
number of states = 5479 (time = 9.22s)

Trying
number of states = 5479 (time = 1.31s)

Trying
number of states = 5479 (time = 1.31s)

sort: Board, n: 3
sort: Row, n: 4
sort: Board, n: 3
sort: Row, n: 4
sort: Board, n: 3
sort: Row, n: 4
Trying
number of states = 12305 (time = 65.31s)

Trying
number of states = 12305 (time = 58.63s)

Trying
number of states = 12305 (time = 1.19s)

Trying
number of states = 12305 (time = 1.18s)

sort: Board, n: 3
sort: Row, n: 5
sort: Board, n: 3
sort: Row, n: 5
sort: Board, n: 3
sort: Row, n: 5
Trying
This run crashed
Trying
number of states = 171243 (time = 1428.74s)

Trying
number of states = 171243 (time = 9.59s)

Trying
number of states = 171243 (time = 9.64s)

sort: Board, n: 4
sort: Row, n: 3
sort: Board, n: 4
sort: Row, n: 3
sort: Board, n: 4
sort: Row, n: 3
Trying
number of states = 6214 (time = 14.27s)

Trying
number of states = 6214 (time = 31.85s)

Trying
number of states = 6214 (time = 0.81s)

Trying
number of states = 6214 (time = 0.79s)

sort: Board, n: 4
sort: Row, n: 4
sort: Board, n: 4
sort: Row, n: 4
sort: Board, n: 4
sort: Row, n: 4
Trying
This run crashed
Trying
number of states = 187928 (time = 1797.30s)

Trying
number of states = 187928 (time = 10.04s)

Trying
number of states = 187928 (time = 10.01s)

sort: Board, n: 4
sort: Row, n: 5
sort: Board, n: 4
sort: Row, n: 5
sort: Board, n: 4
sort: Row, n: 5
Trying
This run crashed
Trying
This run crashed
Trying
number of states = 5464759 (time = 357.20s)

Trying
number of states = 5464759 (time = 345.89s)

sort: Board, n: 5
sort: Row, n: 3
sort: Board, n: 5
sort: Row, n: 3
sort: Board, n: 5
sort: Row, n: 3
Trying
number of states = 44131 (time = 839.82s)

Trying
number of states = 44131 (time = 401.51s)

Trying
number of states = 44131 (time = 3.01s)

Trying
number of states = 44131 (time = 3.05s)

sort: Board, n: 5
sort: Row, n: 4
sort: Board, n: 5
sort: Row, n: 4
sort: Board, n: 5
sort: Row, n: 4
Trying
This run crashed
Trying
This run crashed
Trying
number of states = 2788682 (time = 160.10s)

Trying
number of states = 2788682 (time = 160.12s)

sort: Board, n: 5
sort: Row, n: 5
sort: Board, n: 5
sort: Row, n: 5
sort: Board, n: 5
sort: Row, n: 5
Trying
This run crashed
Trying
This run crashed
Trying
This run crashed
Trying
This run crashed
sort: DBuf, n: 2
sort: BBuf, n: 2
sort: DBuf, n: 2
sort: BBuf, n: 2
sort: DBuf, n: 2
sort: BBuf, n: 2
Trying
number of states = 14064 (time = 0.97s)

Trying
number of states = 14064 (time = 1.07s)

Trying
number of states = 14064 (time = 0.97s)

Trying
number of states = 14064 (time = 0.97s)

sort: DBuf, n: 2
sort: BBuf, n: 2
sort: DBuf, n: 2
sort: BBuf, n: 2
sort: DBuf, n: 2
sort: BBuf, n: 2
Trying
number of states = 140352 (time = 2.07s)

Trying
number of states = 140352 (time = 2.22s)

Trying
number of states = 140352 (time = 2.04s)

Trying
number of states = 140352 (time = 2.04s)

sort: DBuf, n: 2
sort: BBuf, n: 2
sort: DBuf, n: 2
sort: BBuf, n: 2
sort: DBuf, n: 2
sort: BBuf, n: 2
Trying
number of states = 598320 (time = 2.87s)

Trying
number of states = 598320 (time = 3.22s)

Trying
number of states = 598320 (time = 2.88s)

Trying
number of states = 598320 (time = 2.86s)

sort: DBuf, n: 2
sort: BBuf, n: 2
sort: DBuf, n: 2
sort: BBuf, n: 2
sort: DBuf, n: 2
sort: BBuf, n: 2
Trying
number of states = 1731840 (time = 3.82s)

Trying
number of states = 1731840 (time = 4.50s)

Trying
number of states = 1731840 (time = 3.66s)

Trying
number of states = 1731840 (time = 3.68s)

sort: DBuf, n: 4
sort: BBuf, n: 4
sort: DBuf, n: 4
sort: BBuf, n: 4
sort: DBuf, n: 4
sort: BBuf, n: 4
Trying
number of states = 2589056 (time = 5.57s)

Trying
number of states = 2589056 (time = 9.47s)

Trying
number of states = 2589056 (time = 7.04s)

Trying
number of states = 2589056 (time = 7.04s)

sort: DBuf, n: 4
sort: BBuf, n: 4
sort: DBuf, n: 4
sort: BBuf, n: 4
sort: DBuf, n: 4
sort: BBuf, n: 4
Trying
number of states = 292878336 (time = 133.74s)

Trying
number of states = 292878336 (time = 175.56s)

Trying
number of states = 292878336 (time = 106.12s)

Trying
number of states = 292878336 (time = 121.06s)

sort: DBuf, n: 4
sort: BBuf, n: 4
sort: DBuf, n: 4
sort: BBuf, n: 4
sort: DBuf, n: 4
sort: BBuf, n: 4
Trying
number of states = 5729304960 (time = 2962.99s)

Trying
number of states = 5729304960 (time = 1168.28s)

Trying
number of states = 5729304960 (time = 720.13s)

Trying
number of states = 5729304960 (time = 730.29s)

sort: DBuf, n: 4
sort: BBuf, n: 4
sort: DBuf, n: 4
sort: BBuf, n: 4
sort: DBuf, n: 4
sort: BBuf, n: 4
Trying
This run crashed
Trying
This run crashed
Trying
number of states = 50128191488 (time = 2981.78s)

Trying
number of states = 50128191488 (time = 2953.03s)

sort: DBuf, n: 8
sort: BBuf, n: 8
sort: DBuf, n: 8
sort: BBuf, n: 8
sort: DBuf, n: 8
sort: BBuf, n: 8
Trying
This run crashed
Trying
This run crashed
Trying
This run crashed
Trying
This run crashed
sort: Sys, n: 1
sort: Sys, n: 1
sort: Sys, n: 1
Trying
This run crashed
Trying
This run crashed
Trying
This run crashed
Trying
number of states = 3 (time = 0.00s)

sort: List(State), n: 4
sort: State, n: 1
sort: List(State), n: 4
sort: State, n: 1
sort: List(State), n: 4
sort: State, n: 1
Trying
number of states = 1593209 (time = 28.86s)

Trying
number of states = 1593209 (time = 16.30s)

Trying
number of states = 1593209 (time = 19.03s)

Trying
number of states = 1593209 (time = 17.81s)

sort: List(Message), n: 7
sort: List(Message), n: 7
sort: List(Message), n: 7
Trying
number of states = 7918 (time = 1.70s)

Trying
number of states = 7918 (time = 2.16s)

Trying
number of states = 7918 (time = 2.14s)

Trying
number of states = 7918 (time = 2.06s)

sort: List(Message), n: 10
sort: List(Message), n: 10
sort: List(Message), n: 10
Trying
number of states = 238931 (time = 30.25s)

Trying
number of states = 238931 (time = 18.70s)

Trying
number of states = 238931 (time = 22.41s)

Trying
number of states = 238931 (time = 16.61s)

sort: List(Message), n: 13
sort: List(Message), n: 13
sort: List(Message), n: 13
Trying
This run crashed
Trying
number of states = 6693054 (time = 429.98s)

Trying
number of states = 6693054 (time = 409.70s)

Trying
number of states = 6693054 (time = 327.28s)

sort: List(Job), n: 1
sort: List(Job), n: 1
sort: List(Job), n: 1
Trying
number of states = 155034776 (time = 15.71s)

Trying
number of states = 155034776 (time = 15.87s)

Trying
number of states = 155034776 (time = 16.19s)

Trying
number of states = 155034776 (time = 15.93s)

