sort: Board, n: 3
sort: Row, n: 3
sort: Board, n: 3
sort: Row, n: 3
sort: Board, n: 3
sort: Row, n: 3
Trying
number of states = 5479 (time = 16.24s)

Trying
number of states = 5479 (time = 9.22s)

Trying
number of states = 5479 (time = 1.31s)

Trying
number of states = 5479 (time = 1.32s)

sort: Board, n: 3
sort: Row, n: 4
sort: Board, n: 3
sort: Row, n: 4
sort: Board, n: 3
sort: Row, n: 4
Trying
number of states = 12305 (time = 61.82s)

Trying
number of states = 12305 (time = 57.82s)

Trying
number of states = 12305 (time = 1.34s)

Trying
number of states = 12305 (time = 1.23s)

sort: Board, n: 3
sort: Row, n: 5
sort: Board, n: 3
sort: Row, n: 5
sort: Board, n: 3
sort: Row, n: 5
Trying
This run crashed
Trying
number of states = 171243 (time = 1421.88s)

Trying
number of states = 171243 (time = 9.41s)

Trying
number of states = 171243 (time = 10.24s)

sort: Board, n: 4
sort: Row, n: 3
sort: Board, n: 4
sort: Row, n: 3
sort: Board, n: 4
sort: Row, n: 3
Trying
number of states = 6214 (time = 14.37s)

Trying
number of states = 6214 (time = 32.31s)

Trying
number of states = 6214 (time = 0.80s)

Trying
number of states = 6214 (time = 0.79s)

sort: Board, n: 4
sort: Row, n: 4
sort: Board, n: 4
sort: Row, n: 4
sort: Board, n: 4
sort: Row, n: 4
Trying
This run crashed
Trying
number of states = 187928 (time = 1800.85s)

Trying
number of states = 187928 (time = 10.34s)

Trying
number of states = 187928 (time = 9.84s)

sort: Board, n: 4
sort: Row, n: 5
sort: Board, n: 4
sort: Row, n: 5
sort: Board, n: 4
sort: Row, n: 5
Trying
This run crashed
Trying
This run crashed
Trying
number of states = 5464759 (time = 353.54s)

Trying
number of states = 5464759 (time = 349.31s)

sort: Board, n: 5
sort: Row, n: 3
sort: Board, n: 5
sort: Row, n: 3
sort: Board, n: 5
sort: Row, n: 3
Trying
number of states = 44131 (time = 827.97s)

Trying
number of states = 44131 (time = 400.36s)

Trying
number of states = 44131 (time = 3.11s)

Trying
number of states = 44131 (time = 3.07s)

sort: Board, n: 5
sort: Row, n: 4
sort: Board, n: 5
sort: Row, n: 4
sort: Board, n: 5
sort: Row, n: 4
Trying
This run crashed
Trying
This run crashed
Trying
number of states = 2788682 (time = 164.92s)

Trying
number of states = 2788682 (time = 166.79s)

sort: Board, n: 5
sort: Row, n: 5
sort: Board, n: 5
sort: Row, n: 5
sort: Board, n: 5
sort: Row, n: 5
Trying
This run crashed
Trying
This run crashed
Trying
This run crashed
Trying
This run crashed
sort: DBuf, n: 2
sort: BBuf, n: 2
sort: DBuf, n: 2
sort: BBuf, n: 2
sort: DBuf, n: 2
sort: BBuf, n: 2
Trying
number of states = 14064 (time = 0.91s)

Trying
number of states = 14064 (time = 1.04s)

Trying
number of states = 14064 (time = 0.94s)

Trying
number of states = 14064 (time = 0.94s)

sort: DBuf, n: 2
sort: BBuf, n: 2
sort: DBuf, n: 2
sort: BBuf, n: 2
sort: DBuf, n: 2
sort: BBuf, n: 2
Trying
number of states = 140352 (time = 1.97s)

Trying
number of states = 140352 (time = 2.13s)

Trying
number of states = 140352 (time = 2.00s)

Trying
number of states = 140352 (time = 1.99s)

sort: DBuf, n: 2
sort: BBuf, n: 2
sort: DBuf, n: 2
sort: BBuf, n: 2
sort: DBuf, n: 2
sort: BBuf, n: 2
Trying
number of states = 598320 (time = 2.84s)

Trying
number of states = 598320 (time = 3.15s)

Trying
number of states = 598320 (time = 2.79s)

Trying
number of states = 598320 (time = 2.80s)

sort: DBuf, n: 2
sort: BBuf, n: 2
sort: DBuf, n: 2
sort: BBuf, n: 2
sort: DBuf, n: 2
sort: BBuf, n: 2
Trying
number of states = 1731840 (time = 3.76s)

Trying
number of states = 1731840 (time = 4.45s)

Trying
number of states = 1731840 (time = 3.63s)

Trying
number of states = 1731840 (time = 3.60s)

sort: DBuf, n: 4
sort: BBuf, n: 4
sort: DBuf, n: 4
sort: BBuf, n: 4
sort: DBuf, n: 4
sort: BBuf, n: 4
Trying
number of states = 2589056 (time = 5.45s)

Trying
number of states = 2589056 (time = 9.48s)

Trying
number of states = 2589056 (time = 7.01s)

Trying
number of states = 2589056 (time = 7.00s)

sort: DBuf, n: 4
sort: BBuf, n: 4
sort: DBuf, n: 4
sort: BBuf, n: 4
sort: DBuf, n: 4
sort: BBuf, n: 4
Trying
number of states = 292878336 (time = 128.96s)

Trying
number of states = 292878336 (time = 168.70s)

Trying
number of states = 292878336 (time = 106.52s)

Trying
number of states = 292878336 (time = 106.46s)

sort: DBuf, n: 4
sort: BBuf, n: 4
sort: DBuf, n: 4
sort: BBuf, n: 4
sort: DBuf, n: 4
sort: BBuf, n: 4
Trying
number of states = 5729304960 (time = 3061.82s)

Trying
number of states = 5729304960 (time = 1172.87s)

Trying
number of states = 5729304960 (time = 721.25s)

Trying
number of states = 5729304960 (time = 723.14s)

sort: DBuf, n: 4
sort: BBuf, n: 4
sort: DBuf, n: 4
sort: BBuf, n: 4
sort: DBuf, n: 4
sort: BBuf, n: 4
Trying
This run crashed
Trying
This run crashed
Trying
number of states = 50128191488 (time = 3034.34s)

Trying
number of states = 50128191488 (time = 2979.85s)

sort: DBuf, n: 8
sort: BBuf, n: 8
sort: DBuf, n: 8
sort: BBuf, n: 8
sort: DBuf, n: 8
sort: BBuf, n: 8
Trying
This run crashed
Trying
This run crashed
Trying
This run crashed
Trying
This run crashed
sort: Sys, n: 1
sort: Sys, n: 1
sort: Sys, n: 1
Trying
This run crashed
Trying
This run crashed
Trying
This run crashed
Trying
number of states = 3 (time = 0.00s)

sort: List(State), n: 4
sort: State, n: 1
sort: List(State), n: 4
sort: State, n: 1
sort: List(State), n: 4
sort: State, n: 1
Trying
number of states = 1593209 (time = 33.54s)

Trying
number of states = 1593209 (time = 15.56s)

Trying
number of states = 1593209 (time = 15.51s)

Trying
number of states = 1593209 (time = 15.32s)

sort: List(Message), n: 7
sort: List(Message), n: 7
sort: List(Message), n: 7
Trying
number of states = 7918 (time = 1.70s)

Trying
number of states = 7918 (time = 2.14s)

Trying
number of states = 7918 (time = 2.11s)

Trying
number of states = 7918 (time = 2.05s)

sort: List(Message), n: 10
sort: List(Message), n: 10
sort: List(Message), n: 10
Trying
number of states = 238931 (time = 30.13s)

Trying
number of states = 238931 (time = 18.21s)

Trying
number of states = 238931 (time = 17.49s)

Trying
number of states = 238931 (time = 14.74s)

sort: List(Message), n: 13
sort: List(Message), n: 13
sort: List(Message), n: 13
Trying
This run crashed
Trying
number of states = 6693054 (time = 420.00s)

Trying
number of states = 6693054 (time = 409.49s)

Trying
number of states = 6693054 (time = 315.05s)

sort: List(Job), n: 1
sort: List(Job), n: 1
sort: List(Job), n: 1
Trying
number of states = 155034776 (time = 15.38s)

Trying
number of states = 155034776 (time = 15.69s)

Trying
number of states = 155034776 (time = 15.87s)

Trying
number of states = 155034776 (time = 14.92s)

